02:16:02 **** Build of configuration Debug for project SD CARD ****
make -j4 all 
arm-none-eabi-gcc -mcpu=cortex-m4 -g3 -DDEBUG -c -x assembler-with-cpp -MMD -MP -MF"Startup/startup_stm32f407vgtx.d" -MT"Startup/startup_stm32f407vgtx.o" --specs=nano.specs -mfpu=fpv4-sp-d16 -mfloat-abi=hard -mthumb -o "Startup/startup_stm32f407vgtx.o" "../Startup/startup_stm32f407vgtx.s"
arm-none-eabi-gcc "../Src/main.c" -mcpu=cortex-m4 -std=gnu11 -g3 -DDEBUG -DSTM32 -DSTM32F407G_DISC1 -DSTM32F4 -DSTM32F407VGTx -c -I../Inc -O0 -ffunction-sections -fdata-sections -Wall -fstack-usage -MMD -MP -MF"Src/main.d" -MT"Src/main.o" --specs=nano.specs -mfpu=fpv4-sp-d16 -mfloat-abi=hard -mthumb -o "Src/main.o"
arm-none-eabi-gcc "../Src/syscalls.c" -mcpu=cortex-m4 -std=gnu11 -g3 -DDEBUG -DSTM32 -DSTM32F407G_DISC1 -DSTM32F4 -DSTM32F407VGTx -c -I../Inc -O0 -ffunction-sections -fdata-sections -Wall -fstack-usage -MMD -MP -MF"Src/syscalls.d" -MT"Src/syscalls.o" --specs=nano.specs -mfpu=fpv4-sp-d16 -mfloat-abi=hard -mthumb -o "Src/syscalls.o"
arm-none-eabi-gcc "../Src/sysmem.c" -mcpu=cortex-m4 -std=gnu11 -g3 -DDEBUG -DSTM32 -DSTM32F407G_DISC1 -DSTM32F4 -DSTM32F407VGTx -c -I../Inc -O0 -ffunction-sections -fdata-sections -Wall -fstack-usage -MMD -MP -MF"Src/sysmem.d" -MT"Src/sysmem.o" --specs=nano.specs -mfpu=fpv4-sp-d16 -mfloat-abi=hard -mthumb -o "Src/sysmem.o"
../Src/main.c:1:10: fatal error: stm32f4xx.h: No such file or directory
    1 | #include "stm32f4xx.h"
      |          ^~~~~~~~~~~~~
compilation terminated.
make: *** [Src/subdir.mk:25: Src/main.o] Error 1
make: *** Waiting for unfinished jobs....
"make -j4 all" terminated with exit code 2. Build might be incomplete.
02:16:15 **** Incremental Build of configuration Debug for project SD CARD ****
make -j4 all 
arm-none-eabi-gcc "../Src/main.c" -mcpu=cortex-m4 -std=gnu11 -g3 -DDEBUG -DSTM32 -DSTM32F407G_DISC1 -DSTM32F4 -DSTM32F407VGTx -c -I../Inc -O0 -ffunction-sections -fdata-sections -Wall -fstack-usage -MMD -MP -MF"Src/main.d" -MT"Src/main.o" --specs=nano.specs -mfpu=fpv4-sp-d16 -mfloat-abi=hard -mthumb -o "Src/main.o"
../Src/main.c:1:10: fatal error: stm32f4xx.h: No such file or directory
    1 | #include "stm32f4xx.h"
      |          ^~~~~~~~~~~~~
compilation terminated.
make: *** [Src/subdir.mk:25: Src/main.o] Error 1
"make -j4 all" terminated with exit code 2. Build might be incomplete.
02:16:48 **** Incremental Build of configuration Debug for project SD CARD ****
make -j4 all 
arm-none-eabi-gcc "../Src/main.c" -mcpu=cortex-m4 -std=gnu11 -g3 -DDEBUG -DSTM32 -DSTM32F407G_DISC1 -DSTM32F4 -DSTM32F407VGTx -c -I../Inc -O0 -ffunction-sections -fdata-sections -Wall -fstack-usage -MMD -MP -MF"Src/main.d" -MT"Src/main.o" --specs=nano.specs -mfpu=fpv4-sp-d16 -mfloat-abi=hard -mthumb -o "Src/main.o"
../Src/main.c:2:14: error: unknown type name 'uint32_t'
    2 | void msDelay(uint32_t msTime);
      |              ^~~~~~~~
../Src/main.c: In function 'main':
../Src/main.c:6:2: warning: implicit declaration of function 'msDelay' [-Wimplicit-function-declaration]
    6 |  msDelay(500);
      |  ^~~~~~~
../Src/main.c:9:3: error: 'GPIOD' undeclared (first use in this function)
    9 |   GPIOD->ODR ^=(0xAUL<<12);  //to toggel the red and green LED
      |   ^~~~~
../Src/main.c:9:3: note: each undeclared identifier is reported only once for each function it appears in
../Src/main.c: In function 'configureLED':
../Src/main.c:18:2: error: 'RCC' undeclared (first use in this function)
   18 |  RCC->AHB1ENR  |= (1UL<<3);   //to enable clock for port D
      |  ^~~
../Src/main.c:19:2: error: 'GPIOD' undeclared (first use in this function)
   19 |  GPIOD->MODER &= ~(0xFFUL<<12*2);  //to make sure that pins are initially 0
      |  ^~~~~
../Src/main.c: At top level:
../Src/main.c:23:14: error: unknown type name 'uint32_t'
   23 | void msDelay(uint32_t msTime)  //to impliment software delay
      |              ^~~~~~~~
make: *** [Src/subdir.mk:25: Src/main.o] Error 1
"make -j4 all" terminated with exit code 2. Build might be incomplete.
02:17:42 **** Incremental Build of configuration Debug for project SD CARD ****
make -j4 all 
arm-none-eabi-gcc "../Src/main.c" -mcpu=cortex-m4 -std=gnu11 -g3 -DDEBUG -DSTM32 -DSTM32F407G_DISC1 -DSTM32F4 -DSTM32F407VGTx -c -I../Inc -O0 -ffunction-sections -fdata-sections -Wall -fstack-usage -MMD -MP -MF"Src/main.d" -MT"Src/main.o" --specs=nano.specs -mfpu=fpv4-sp-d16 -mfloat-abi=hard -mthumb -o "Src/main.o"
../Src/main.c: In function 'main':
../Src/main.c:10:3: error: 'GPIOD' undeclared (first use in this function)
   10 |   GPIOD->ODR ^=(0xAUL<<12);  //to toggel the red and green LED
      |   ^~~~~
../Src/main.c:10:3: note: each undeclared identifier is reported only once for each function it appears in
../Src/main.c: In function 'configureLED':
../Src/main.c:19:2: error: 'RCC' undeclared (first use in this function)
   19 |  RCC->AHB1ENR  |= (1UL<<3);   //to enable clock for port D
      |  ^~~
../Src/main.c:20:2: error: 'GPIOD' undeclared (first use in this function)
   20 |  GPIOD->MODER &= ~(0xFFUL<<12*2);  //to make sure that pins are initially 0
      |  ^~~~~
../Src/main.c: In function 'msDelay':
../Src/main.c:30:3: warning: implicit declaration of function '__NOP' [-Wimplicit-function-declaration]
   30 |   __NOP();
      |   ^~~~~
make: *** [Src/subdir.mk:25: Src/main.o] Error 1
"make -j4 all" terminated with exit code 2. Build might be incomplete.
02:21:46 **** Incremental Build of configuration Debug for project SD CARD ****
make -j4 all 
arm-none-eabi-gcc "../Src/main.c" -mcpu=cortex-m4 -std=gnu11 -g3 -DDEBUG -DSTM32 -DSTM32F407G_DISC1 -DSTM32F4 -DSTM32F407VGTx -c -I../Inc -O0 -ffunction-sections -fdata-sections -Wall -fstack-usage -MMD -MP -MF"Src/main.d" -MT"Src/main.o" --specs=nano.specs -mfpu=fpv4-sp-d16 -mfloat-abi=hard -mthumb -o "Src/main.o"
../Src/main.c: In function 'main':
../Src/main.c:11:3: error: 'GPIOD' undeclared (first use in this function)
   11 |   GPIOD->ODR ^=(0xAUL<<12);  //to toggel the red and green LED
      |   ^~~~~
../Src/main.c:11:3: note: each undeclared identifier is reported only once for each function it appears in
../Src/main.c: In function 'configureLED':
../Src/main.c:20:2: error: 'RCC' undeclared (first use in this function)
   20 |  RCC->AHB1ENR  |= (1UL<<3);   //to enable clock for port D
      |  ^~~
../Src/main.c:21:2: error: 'GPIOD' undeclared (first use in this function)
   21 |  GPIOD->MODER &= ~(0xFFUL<<12*2);  //to make sure that pins are initially 0
      |  ^~~~~
../Src/main.c: In function 'msDelay':
../Src/main.c:31:3: warning: implicit declaration of function '__NOP' [-Wimplicit-function-declaration]
   31 |   __NOP();
      |   ^~~~~
make: *** [Src/subdir.mk:25: Src/main.o] Error 1
"make -j4 all" terminated with exit code 2. Build might be incomplete.
02:34:55 **** Incremental Build of configuration Debug for project SD CARD ****
make -j4 all 
arm-none-eabi-gcc "../Src/main.c" -mcpu=cortex-m4 -std=gnu11 -g3 -DDEBUG -DSTM32 -DSTM32F407G_DISC1 -DSTM32F4 -DSTM32F407VGTx -c -I../Inc -O0 -ffunction-sections -fdata-sections -Wall -fstack-usage -MMD -MP -MF"Src/main.d" -MT"Src/main.o" --specs=nano.specs -mfpu=fpv4-sp-d16 -mfloat-abi=hard -mthumb -o "Src/main.o"
In file included from ../Src/main.c:1:
../Inc/stm32f4xx.h:175:3: error: #error "Please select first the target STM32F4xx device used in your application (in stm32f4xx.h file)"
  175 |  #error "Please select first the target STM32F4xx device used in your application (in stm32f4xx.h file)"
      |   ^~~~~
../Src/main.c: In function 'main':
../Src/main.c:11:3: error: 'GPIOD' undeclared (first use in this function)
   11 |   GPIOD->ODR ^=(0xAUL<<12);  //to toggel the red and green LED
      |   ^~~~~
../Src/main.c:11:3: note: each undeclared identifier is reported only once for each function it appears in
../Src/main.c: In function 'configureLED':
../Src/main.c:20:2: error: 'RCC' undeclared (first use in this function)
   20 |  RCC->AHB1ENR  |= (1UL<<3);   //to enable clock for port D
      |  ^~~
../Src/main.c:21:2: error: 'GPIOD' undeclared (first use in this function)
   21 |  GPIOD->MODER &= ~(0xFFUL<<12*2);  //to make sure that pins are initially 0
      |  ^~~~~
../Src/main.c: In function 'msDelay':
../Src/main.c:31:3: warning: implicit declaration of function '__NOP' [-Wimplicit-function-declaration]
   31 |   __NOP();
      |   ^~~~~
make: *** [Src/subdir.mk:25: Src/main.o] Error 1
"make -j4 all" terminated with exit code 2. Build might be incomplete.
02:35:51 **** Incremental Build of configuration Debug for project SD CARD ****
make -j4 all 
arm-none-eabi-gcc "../Src/main.c" -mcpu=cortex-m4 -std=gnu11 -g3 -DDEBUG -DSTM32 -DSTM32F407G_DISC1 -DSTM32F4 -DSTM32F407VGTx -c -I../Inc -O0 -ffunction-sections -fdata-sections -Wall -fstack-usage -MMD -MP -MF"Src/main.d" -MT"Src/main.o" --specs=nano.specs -mfpu=fpv4-sp-d16 -mfloat-abi=hard -mthumb -o "Src/main.o"
In file included from ../Src/main.c:1:
../Inc/stm32f4xx.h:175:3: error: #error "Please select first the target STM32F4xx device used in your application (in stm32f4xx.h file)"
  175 |  #error "Please select first the target STM32F4xx device used in your application (in stm32f4xx.h file)"
      |   ^~~~~
../Src/main.c:2:10: fatal error: stm32f407.h: No such file or directory
    2 | #include "stm32f407.h"
      |          ^~~~~~~~~~~~~
compilation terminated.
make: *** [Src/subdir.mk:25: Src/main.o] Error 1
"make -j4 all" terminated with exit code 2. Build might be incomplete.
02:35:53 **** Incremental Build of configuration Debug for project SD CARD ****
make -j4 all 
arm-none-eabi-gcc "../Src/main.c" -mcpu=cortex-m4 -std=gnu11 -g3 -DDEBUG -DSTM32 -DSTM32F407G_DISC1 -DSTM32F4 -DSTM32F407VGTx -c -I../Inc -O0 -ffunction-sections -fdata-sections -Wall -fstack-usage -MMD -MP -MF"Src/main.d" -MT"Src/main.o" --specs=nano.specs -mfpu=fpv4-sp-d16 -mfloat-abi=hard -mthumb -o "Src/main.o"
In file included from ../Src/main.c:1:
../Inc/stm32f4xx.h:175:3: error: #error "Please select first the target STM32F4xx device used in your application (in stm32f4xx.h file)"
  175 |  #error "Please select first the target STM32F4xx device used in your application (in stm32f4xx.h file)"
      |   ^~~~~
../Src/main.c:2:10: fatal error: stm32f407.h: No such file or directory
    2 | #include "stm32f407.h"
      |          ^~~~~~~~~~~~~
compilation terminated.
make: *** [Src/subdir.mk:25: Src/main.o] Error 1
"make -j4 all" terminated with exit code 2. Build might be incomplete.
02:36:36 **** Incremental Build of configuration Debug for project SD CARD ****
make -j4 all 
arm-none-eabi-gcc "../Src/main.c" -mcpu=cortex-m4 -std=gnu11 -g3 -DDEBUG -DSTM32 -DSTM32F407G_DISC1 -DSTM32F4 -DSTM32F407VGTx -c -I../Inc -O0 -ffunction-sections -fdata-sections -Wall -fstack-usage -MMD -MP -MF"Src/main.d" -MT"Src/main.o" --specs=nano.specs -mfpu=fpv4-sp-d16 -mfloat-abi=hard -mthumb -o "Src/main.o"
../Src/main.c:1:10: fatal error: stm32f407.h: No such file or directory
    1 | #include "stm32f407.h"
      |          ^~~~~~~~~~~~~
compilation terminated.
make: *** [Src/subdir.mk:25: Src/main.o] Error 1
"make -j4 all" terminated with exit code 2. Build might be incomplete.
02:37:27 **** Incremental Build of configuration Debug for project SD CARD ****
make -j4 all 
arm-none-eabi-gcc "../Src/main.c" -mcpu=cortex-m4 -std=gnu11 -g3 -DDEBUG -DSTM32 -DSTM32F407G_DISC1 -DSTM32F4 -DSTM32F407VGTx -c -I../Inc -O0 -ffunction-sections -fdata-sections -Wall -fstack-usage -MMD -MP -MF"Src/main.d" -MT"Src/main.o" --specs=nano.specs -mfpu=fpv4-sp-d16 -mfloat-abi=hard -mthumb -o "Src/main.o"
In file included from ../Src/main.c:1:
../Inc/stm32f407xx.h:167:10: fatal error: core_cm4.h: No such file or directory
  167 | #include "core_cm4.h"             /* Cortex-M4 processor and core peripherals */
      |          ^~~~~~~~~~~~
compilation terminated.
make: *** [Src/subdir.mk:25: Src/main.o] Error 1
"make -j4 all" terminated with exit code 2. Build might be incomplete.
02:38:35 **** Incremental Build of configuration Debug for project SD CARD ****
make -j4 all 
arm-none-eabi-gcc "../Src/main.c" -mcpu=cortex-m4 -std=gnu11 -g3 -DDEBUG -DSTM32 -DSTM32F407G_DISC1 -DSTM32F4 -DSTM32F407VGTx -c -I../Inc -O0 -ffunction-sections -fdata-sections -Wall -fstack-usage -MMD -MP -MF"Src/main.d" -MT"Src/main.o" --specs=nano.specs -mfpu=fpv4-sp-d16 -mfloat-abi=hard -mthumb -o "Src/main.o"
In file included from ../Inc/stm32f407xx.h:167,
                 from ../Src/main.c:1:
../Inc/core_cm4.h:63:10: fatal error: cmsis_version.h: No such file or directory
   63 | #include "cmsis_version.h"
      |          ^~~~~~~~~~~~~~~~~
compilation terminated.
make: *** [Src/subdir.mk:25: Src/main.o] Error 1
"make -j4 all" terminated with exit code 2. Build might be incomplete.
02:40:00 **** Incremental Build of configuration Debug for project SD CARD ****
make -j4 all 
arm-none-eabi-gcc "../Src/main.c" -mcpu=cortex-m4 -std=gnu11 -g3 -DDEBUG -DSTM32 -DSTM32F407G_DISC1 -DSTM32F4 -DSTM32F407VGTx -c -I../Inc -O0 -ffunction-sections -fdata-sections -Wall -fstack-usage -MMD -MP -MF"Src/main.d" -MT"Src/main.o" --specs=nano.specs -mfpu=fpv4-sp-d16 -mfloat-abi=hard -mthumb -o "Src/main.o"
In file included from ../Inc/stm32f407xx.h:167,
                 from ../Src/main.c:1:
../Inc/core_cm4.h:162:10: fatal error: cmsis_compiler.h: No such file or directory
  162 | #include "cmsis_compiler.h"               /* CMSIS compiler specific defines */
      |          ^~~~~~~~~~~~~~~~~~
compilation terminated.
make: *** [Src/subdir.mk:25: Src/main.o] Error 1
"make -j4 all" terminated with exit code 2. Build might be incomplete.
02:40:41 **** Incremental Build of configuration Debug for project SD CARD ****
make -j4 all 
arm-none-eabi-gcc "../Src/main.c" -mcpu=cortex-m4 -std=gnu11 -g3 -DDEBUG -DSTM32 -DSTM32F407G_DISC1 -DSTM32F4 -DSTM32F407VGTx -c -I../Inc -O0 -ffunction-sections -fdata-sections -Wall -fstack-usage -MMD -MP -MF"Src/main.d" -MT"Src/main.o" --specs=nano.specs -mfpu=fpv4-sp-d16 -mfloat-abi=hard -mthumb -o "Src/main.o"
In file included from ../Src/main.c:1:
../Inc/stm32f407xx.h:168:10: fatal error: system_stm32f4xx.h: No such file or directory
  168 | #include "system_stm32f4xx.h"
      |          ^~~~~~~~~~~~~~~~~~~~
compilation terminated.
make: *** [Src/subdir.mk:25: Src/main.o] Error 1
"make -j4 all" terminated with exit code 2. Build might be incomplete.
02:41:24 **** Incremental Build of configuration Debug for project SD CARD ****
make -j4 all 
arm-none-eabi-gcc "../Src/main.c" -mcpu=cortex-m4 -std=gnu11 -g3 -DDEBUG -DSTM32 -DSTM32F407G_DISC1 -DSTM32F4 -DSTM32F407VGTx -c -I../Inc -O0 -ffunction-sections -fdata-sections -Wall -fstack-usage -MMD -MP -MF"Src/main.d" -MT"Src/main.o" --specs=nano.specs -mfpu=fpv4-sp-d16 -mfloat-abi=hard -mthumb -o "Src/main.o"
arm-none-eabi-gcc -o "SD CARD.elf" @"objects.list"   -mcpu=cortex-m4 -T"/home/daniel/STM32-F4/010) SD CARD/SD CARD/STM32F407VGTX_FLASH.ld" --specs=nosys.specs -Wl,-Map="SD CARD.map" -Wl,--gc-sections -static --specs=nano.specs -mfpu=fpv4-sp-d16 -mfloat-abi=hard -mthumb -Wl,--start-group -lc -lm -Wl,--end-group
Finished building target: SD CARD.elf
 
arm-none-eabi-size   SD\ CARD.elf 
arm-none-eabi-objdump -h -S  SD\ CARD.elf  > "SD CARD.list"
arm-none-eabi-objcopy  -O binary  SD\ CARD.elf  "SD CARD.bin"
   text	   data	    bss	    dec	    hex	filename
    840	      8	   1568	   2416	    970	SD CARD.elf
Finished building: default.size.stdout
 
Finished building: SD CARD.bin
 
Finished building: SD CARD.list
 
02:41:42 **** Incremental Build of configuration Debug for project SD CARD ****
make -j4 all 
arm-none-eabi-size   SD\ CARD.elf 
   text	   data	    bss	    dec	    hex	filename
    840	      8	   1568	   2416	    970	SD CARD.elf
Finished building: default.size.stdout
 
02:41:43 **** Incremental Build of configuration Debug for project SD CARD ****
make -j4 all 
arm-none-eabi-size   SD\ CARD.elf 
   text	   data	    bss	    dec	    hex	filename
    840	      8	   1568	   2416	    970	SD CARD.elf
Finished building: default.size.stdout
 
